{
  "stats": {
    "suites": 1,
    "tests": 2,
    "passes": 2,
    "pending": 0,
    "failures": 0,
    "start": "2022-02-18T11:47:48.457Z",
    "end": "2022-02-18T11:48:29.599Z",
    "duration": 41142,
    "testsRegistered": 2,
    "passPercent": 100,
    "pendingPercent": 0,
    "other": 0,
    "hasOther": false,
    "skipped": 0,
    "hasSkipped": false
  },
  "results": [
    {
      "uuid": "e350a4d5-5c44-41cc-9f8e-c170a4f27a86",
      "title": "",
      "fullFile": "cypress/integration/2-advanced-examples/BDD/ecommerce.feature",
      "file": "cypress/integration/2-advanced-examples/BDD/ecommerce.feature",
      "beforeHooks": [],
      "afterHooks": [],
      "tests": [],
      "suites": [
        {
          "uuid": "30cb5b6e-a8cf-4d5d-81f7-4e905535ddcd",
          "title": "End to end Ecommerce validation",
          "fullFile": "",
          "file": "",
          "beforeHooks": [],
          "afterHooks": [],
          "tests": [
            {
              "title": "Ecommerce products delivery",
              "fullTitle": "End to end Ecommerce validation Ecommerce products delivery",
              "timedOut": null,
              "duration": 36953,
              "state": "passed",
              "speed": "slow",
              "pass": true,
              "fail": false,
              "pending": false,
              "context": null,
              "code": "const state = window.testState;\nreturn cy\n  .then(() => state.onStartScenario(scenario, indexedSteps))\n  .then(() =>\n    resolveAndRunBeforeHooks.call(this, scenario.tags, state.feature.name)\n  )\n  .then(() =>\n    indexedSteps.forEach((step) =>\n      stepTest.call(this, state, step, rowData)\n    )\n  )\n  .then(() => state.onFinishScenario(scenario));",
              "err": {},
              "uuid": "7bfd8d7c-b32d-45a0-979f-68fdcdbe29aa",
              "parentUUID": "30cb5b6e-a8cf-4d5d-81f7-4e905535ddcd",
              "isHook": false,
              "skipped": false
            },
            {
              "title": "filling the form to shop",
              "fullTitle": "End to end Ecommerce validation filling the form to shop",
              "timedOut": null,
              "duration": 1258,
              "state": "passed",
              "speed": "fast",
              "pass": true,
              "fail": false,
              "pending": false,
              "context": null,
              "code": "const state = window.testState;\nreturn cy\n  .then(() => state.onStartScenario(scenario, indexedSteps))\n  .then(() =>\n    resolveAndRunBeforeHooks.call(this, scenario.tags, state.feature.name)\n  )\n  .then(() =>\n    indexedSteps.forEach((step) =>\n      stepTest.call(this, state, step, rowData)\n    )\n  )\n  .then(() => state.onFinishScenario(scenario));",
              "err": {},
              "uuid": "3b495a31-5a19-43b3-b44e-657b138dc462",
              "parentUUID": "30cb5b6e-a8cf-4d5d-81f7-4e905535ddcd",
              "isHook": false,
              "skipped": false
            }
          ],
          "suites": [],
          "passes": [
            "7bfd8d7c-b32d-45a0-979f-68fdcdbe29aa",
            "3b495a31-5a19-43b3-b44e-657b138dc462"
          ],
          "failures": [],
          "pending": [],
          "skipped": [],
          "duration": 38211,
          "root": false,
          "rootEmpty": false,
          "_timeout": 2000
        }
      ],
      "passes": [],
      "failures": [],
      "pending": [],
      "skipped": [],
      "duration": 0,
      "root": true,
      "rootEmpty": true,
      "_timeout": 2000
    }
  ],
  "meta": {
    "mocha": {
      "version": "7.0.1"
    },
    "mochawesome": {
      "options": {
        "quiet": false,
        "reportFilename": "mochawesome",
        "saveHtml": true,
        "saveJson": true,
        "consoleReporter": "spec",
        "useInlineDiffs": false,
        "code": true
      },
      "version": "7.0.1"
    },
    "marge": {
      "options": null,
      "version": "6.0.1"
    }
  }
}